#! /usr/bin/vvp
:ivl_version "12.0 (stable)";
:ivl_delay_selection "TYPICAL";
:vpi_time_precision - 12;
:vpi_module "/usr/lib/x86_64-linux-gnu/ivl/system.vpi";
:vpi_module "/usr/lib/x86_64-linux-gnu/ivl/vhdl_sys.vpi";
:vpi_module "/usr/lib/x86_64-linux-gnu/ivl/vhdl_textio.vpi";
:vpi_module "/usr/lib/x86_64-linux-gnu/ivl/v2005_math.vpi";
:vpi_module "/usr/lib/x86_64-linux-gnu/ivl/va_math.vpi";
S_0x5d281b397490 .scope module, "Host" "Host" 2 2;
 .timescale -9 -12;
v0x5d281b397620_0 .var "clk1", 0 0;
v0x5d281b3e1b40_0 .var "clk2", 0 0;
v0x5d281b3e1c00 .array "rom_256x1024", 0 255, 1023 0;
v0x5d281b3e1ca0_0 .var "rst", 0 0;
    .scope S_0x5d281b397490;
T_0 ;
    %vpi_call 2 13 "$readmemh", "src/ROM_PAT0.dat", v0x5d281b3e1c00, 32'sb00000000000000000000000000000000 {0 0 0};
    %vpi_call 2 14 "$readmemh", "src/ROM_PAT1.dat", v0x5d281b3e1c00, 32'sb00000000000000000000000010000000 {0 0 0};
    %vpi_call 2 15 "$display", "%h", &APV<v0x5d281b3e1c00, 128, 0, 8> {0 0 0};
    %end;
    .thread T_0;
    .scope S_0x5d281b397490;
T_1 ;
    %pushi/vec4 1, 0, 1;
    %store/vec4 v0x5d281b397620_0, 0, 1;
    %pushi/vec4 1, 0, 1;
    %store/vec4 v0x5d281b3e1b40_0, 0, 1;
    %pushi/vec4 0, 0, 1;
    %store/vec4 v0x5d281b3e1ca0_0, 0, 1;
    %delay 10000, 0;
    %pushi/vec4 1, 0, 1;
    %store/vec4 v0x5d281b3e1ca0_0, 0, 1;
    %delay 100000, 0;
    %pushi/vec4 0, 0, 1;
    %store/vec4 v0x5d281b3e1ca0_0, 0, 1;
    %end;
    .thread T_1;
# The file index is used to find the file name in the following table.
:file_names 3;
    "N/A";
    "<interactive>";
    "src/testfixture.v";
